2019-10-07 10:37:33,181 DEBUG jm.JMSystemMessageApplication [main] An application has been started!!!
2019-10-07 10:37:33,712 INFO jm.JMSystemMessageApplication [main] Starting JMSystemMessageApplication on CRULT001049 with PID 28364 (C:\JAVA\PROJECT\JM-SYSTEM-MESSAGE\webapp\target\classes started by S3461968 in C:\JAVA\PROJECT\JM-SYSTEM-MESSAGE)
2019-10-07 10:37:33,713 DEBUG jm.JMSystemMessageApplication [main] Running with Spring Boot v2.1.7.RELEASE, Spring v5.1.9.RELEASE
2019-10-07 10:37:33,714 INFO jm.JMSystemMessageApplication [main] No active profile set, falling back to default profiles: default
2019-10-07 10:37:38,361 INFO jm.JMSystemMessageApplication [main] Started JMSystemMessageApplication in 5.082 seconds (JVM running for 6.471)
2019-10-07 10:37:50,111 DEBUG jm.User [http-nio-8080-exec-1] User constructor is invoked!!!
2019-10-07 10:37:50,111 DEBUG jm.User [http-nio-8080-exec-1] User constructor is invoked!!!
2019-10-07 10:37:50,111 DEBUG jm.User [http-nio-8080-exec-1] User constructor is invoked!!!
2019-10-07 10:37:50,111 DEBUG jm.User [http-nio-8080-exec-1] User constructor is invoked!!!
2019-10-07 10:37:50,111 DEBUG jm.User [http-nio-8080-exec-1] User constructor is invoked!!!
2019-10-07 10:37:50,111 DEBUG jm.User [http-nio-8080-exec-1] User constructor is invoked!!!
2019-10-07 10:37:50,111 DEBUG jm.User [http-nio-8080-exec-1] User constructor is invoked!!!
2019-10-07 10:37:50,111 DEBUG jm.User [http-nio-8080-exec-1] User constructor is invoked!!!
2019-10-07 10:37:50,111 DEBUG jm.User [http-nio-8080-exec-1] User constructor is invoked!!!
2019-10-07 10:37:50,111 DEBUG jm.User [http-nio-8080-exec-1] User constructor is invoked!!!
2019-10-07 10:37:50,111 DEBUG jm.User [http-nio-8080-exec-1] User constructor is invoked!!!
2019-10-07 10:37:50,111 DEBUG jm.User [http-nio-8080-exec-1] User constructor is invoked!!!
2019-10-07 10:37:50,111 DEBUG jm.User [http-nio-8080-exec-1] User constructor is invoked!!!
2019-10-07 10:37:50,111 DEBUG jm.User [http-nio-8080-exec-1] User constructor is invoked!!!
2019-10-07 10:37:50,111 DEBUG jm.User [http-nio-8080-exec-1] User constructor is invoked!!!
2019-10-07 10:37:50,259 DEBUG jm.controller.MainController [http-nio-8080-exec-1] test_db has been initialized!!!
2019-10-07 22:40:35,488 INFO jm.JMSystemMessageApplication [main] Starting JMSystemMessageApplication on MGD-LT-231 with PID 54184 (C:\JAVA\PROJECT\JM-SYSTEM-MESSAGE\webapp\target\classes started by Сергей in C:\JAVA\PROJECT\JM-SYSTEM-MESSAGE)
2019-10-07 22:40:35,490 DEBUG jm.JMSystemMessageApplication [main] Running with Spring Boot v2.1.7.RELEASE, Spring v5.1.9.RELEASE
2019-10-07 22:40:35,491 INFO jm.JMSystemMessageApplication [main] No active profile set, falling back to default profiles: default
2019-10-07 22:40:41,631 INFO jm.JMSystemMessageApplication [main] Started JMSystemMessageApplication in 6.455 seconds (JVM running for 7.09)
2019-10-07 22:40:57,014 ERROR org.thymeleaf.TemplateEngine [http-nio-8080-exec-2] [THYMELEAF][http-nio-8080-exec-2] Exception processing template "testPage": Error resolving template [testPage], template might not exist or might not be accessible by any of the configured Template Resolvers
org.thymeleaf.exceptions.TemplateInputException: Error resolving template [testPage], template might not exist or might not be accessible by any of the configured Template Resolvers
	at org.thymeleaf.engine.TemplateManager.resolveTemplate(TemplateManager.java:869)
	at org.thymeleaf.engine.TemplateManager.parseAndProcess(TemplateManager.java:607)
	at org.thymeleaf.TemplateEngine.process(TemplateEngine.java:1098)
	at org.thymeleaf.TemplateEngine.process(TemplateEngine.java:1072)
	at org.thymeleaf.spring5.view.ThymeleafView.renderFragment(ThymeleafView.java:362)
	at org.thymeleaf.spring5.view.ThymeleafView.render(ThymeleafView.java:189)
	at org.springframework.web.servlet.DispatcherServlet.render(DispatcherServlet.java:1371)
	at org.springframework.web.servlet.DispatcherServlet.processDispatchResult(DispatcherServlet.java:1117)
	at org.springframework.web.servlet.DispatcherServlet.doDispatch(DispatcherServlet.java:1056)
	at org.springframework.web.servlet.DispatcherServlet.doService(DispatcherServlet.java:942)
	at org.springframework.web.servlet.FrameworkServlet.processRequest(FrameworkServlet.java:1005)
	at org.springframework.web.servlet.FrameworkServlet.doGet(FrameworkServlet.java:897)
	at javax.servlet.http.HttpServlet.service(HttpServlet.java:634)
	at org.springframework.web.servlet.FrameworkServlet.service(FrameworkServlet.java:882)
	at javax.servlet.http.HttpServlet.service(HttpServlet.java:741)
	at org.apache.catalina.core.ApplicationFilterChain.internalDoFilter(ApplicationFilterChain.java:231)
	at org.apache.catalina.core.ApplicationFilterChain.doFilter(ApplicationFilterChain.java:166)
	at org.apache.tomcat.websocket.server.WsFilter.doFilter(WsFilter.java:53)
	at org.apache.catalina.core.ApplicationFilterChain.internalDoFilter(ApplicationFilterChain.java:193)
	at org.apache.catalina.core.ApplicationFilterChain.doFilter(ApplicationFilterChain.java:166)
	at org.springframework.web.filter.RequestContextFilter.doFilterInternal(RequestContextFilter.java:99)
	at org.springframework.web.filter.OncePerRequestFilter.doFilter(OncePerRequestFilter.java:118)
	at org.apache.catalina.core.ApplicationFilterChain.internalDoFilter(ApplicationFilterChain.java:193)
	at org.apache.catalina.core.ApplicationFilterChain.doFilter(ApplicationFilterChain.java:166)
	at org.springframework.web.filter.FormContentFilter.doFilterInternal(FormContentFilter.java:92)
	at org.springframework.web.filter.OncePerRequestFilter.doFilter(OncePerRequestFilter.java:118)
	at org.apache.catalina.core.ApplicationFilterChain.internalDoFilter(ApplicationFilterChain.java:193)
	at org.apache.catalina.core.ApplicationFilterChain.doFilter(ApplicationFilterChain.java:166)
	at org.springframework.web.filter.HiddenHttpMethodFilter.doFilterInternal(HiddenHttpMethodFilter.java:93)
	at org.springframework.web.filter.OncePerRequestFilter.doFilter(OncePerRequestFilter.java:118)
	at org.apache.catalina.core.ApplicationFilterChain.internalDoFilter(ApplicationFilterChain.java:193)
	at org.apache.catalina.core.ApplicationFilterChain.doFilter(ApplicationFilterChain.java:166)
	at org.springframework.web.filter.CharacterEncodingFilter.doFilterInternal(CharacterEncodingFilter.java:200)
	at org.springframework.web.filter.OncePerRequestFilter.doFilter(OncePerRequestFilter.java:118)
	at org.apache.catalina.core.ApplicationFilterChain.internalDoFilter(ApplicationFilterChain.java:193)
	at org.apache.catalina.core.ApplicationFilterChain.doFilter(ApplicationFilterChain.java:166)
	at org.apache.catalina.core.StandardWrapperValve.invoke(StandardWrapperValve.java:202)
	at org.apache.catalina.core.StandardContextValve.invoke(StandardContextValve.java:96)
	at org.apache.catalina.authenticator.AuthenticatorBase.invoke(AuthenticatorBase.java:490)
	at org.apache.catalina.core.StandardHostValve.invoke(StandardHostValve.java:139)
	at org.apache.catalina.valves.ErrorReportValve.invoke(ErrorReportValve.java:92)
	at org.apache.catalina.core.StandardEngineValve.invoke(StandardEngineValve.java:74)
	at org.apache.catalina.connector.CoyoteAdapter.service(CoyoteAdapter.java:343)
	at org.apache.coyote.http11.Http11Processor.service(Http11Processor.java:408)
	at org.apache.coyote.AbstractProcessorLight.process(AbstractProcessorLight.java:66)
	at org.apache.coyote.AbstractProtocol$ConnectionHandler.process(AbstractProtocol.java:853)
	at org.apache.tomcat.util.net.NioEndpoint$SocketProcessor.doRun(NioEndpoint.java:1587)
	at org.apache.tomcat.util.net.SocketProcessorBase.run(SocketProcessorBase.java:49)
	at java.util.concurrent.ThreadPoolExecutor.runWorker(ThreadPoolExecutor.java:1142)
	at java.util.concurrent.ThreadPoolExecutor$Worker.run(ThreadPoolExecutor.java:617)
	at org.apache.tomcat.util.threads.TaskThread$WrappingRunnable.run(TaskThread.java:61)
	at java.lang.Thread.run(Thread.java:744)
2019-10-07 22:40:57,017 ERROR org.apache.catalina.core.ContainerBase.[Tomcat].[localhost].[/].[dispatcherServlet] [http-nio-8080-exec-2] Servlet.service() for servlet [dispatcherServlet] in context with path [] threw exception [Request processing failed; nested exception is org.thymeleaf.exceptions.TemplateInputException: Error resolving template [testPage], template might not exist or might not be accessible by any of the configured Template Resolvers] with root cause
org.thymeleaf.exceptions.TemplateInputException: Error resolving template [testPage], template might not exist or might not be accessible by any of the configured Template Resolvers
	at org.thymeleaf.engine.TemplateManager.resolveTemplate(TemplateManager.java:869)
	at org.thymeleaf.engine.TemplateManager.parseAndProcess(TemplateManager.java:607)
	at org.thymeleaf.TemplateEngine.process(TemplateEngine.java:1098)
	at org.thymeleaf.TemplateEngine.process(TemplateEngine.java:1072)
	at org.thymeleaf.spring5.view.ThymeleafView.renderFragment(ThymeleafView.java:362)
	at org.thymeleaf.spring5.view.ThymeleafView.render(ThymeleafView.java:189)
	at org.springframework.web.servlet.DispatcherServlet.render(DispatcherServlet.java:1371)
	at org.springframework.web.servlet.DispatcherServlet.processDispatchResult(DispatcherServlet.java:1117)
	at org.springframework.web.servlet.DispatcherServlet.doDispatch(DispatcherServlet.java:1056)
	at org.springframework.web.servlet.DispatcherServlet.doService(DispatcherServlet.java:942)
	at org.springframework.web.servlet.FrameworkServlet.processRequest(FrameworkServlet.java:1005)
	at org.springframework.web.servlet.FrameworkServlet.doGet(FrameworkServlet.java:897)
	at javax.servlet.http.HttpServlet.service(HttpServlet.java:634)
	at org.springframework.web.servlet.FrameworkServlet.service(FrameworkServlet.java:882)
	at javax.servlet.http.HttpServlet.service(HttpServlet.java:741)
	at org.apache.catalina.core.ApplicationFilterChain.internalDoFilter(ApplicationFilterChain.java:231)
	at org.apache.catalina.core.ApplicationFilterChain.doFilter(ApplicationFilterChain.java:166)
	at org.apache.tomcat.websocket.server.WsFilter.doFilter(WsFilter.java:53)
	at org.apache.catalina.core.ApplicationFilterChain.internalDoFilter(ApplicationFilterChain.java:193)
	at org.apache.catalina.core.ApplicationFilterChain.doFilter(ApplicationFilterChain.java:166)
	at org.springframework.web.filter.RequestContextFilter.doFilterInternal(RequestContextFilter.java:99)
	at org.springframework.web.filter.OncePerRequestFilter.doFilter(OncePerRequestFilter.java:118)
	at org.apache.catalina.core.ApplicationFilterChain.internalDoFilter(ApplicationFilterChain.java:193)
	at org.apache.catalina.core.ApplicationFilterChain.doFilter(ApplicationFilterChain.java:166)
	at org.springframework.web.filter.FormContentFilter.doFilterInternal(FormContentFilter.java:92)
	at org.springframework.web.filter.OncePerRequestFilter.doFilter(OncePerRequestFilter.java:118)
	at org.apache.catalina.core.ApplicationFilterChain.internalDoFilter(ApplicationFilterChain.java:193)
	at org.apache.catalina.core.ApplicationFilterChain.doFilter(ApplicationFilterChain.java:166)
	at org.springframework.web.filter.HiddenHttpMethodFilter.doFilterInternal(HiddenHttpMethodFilter.java:93)
	at org.springframework.web.filter.OncePerRequestFilter.doFilter(OncePerRequestFilter.java:118)
	at org.apache.catalina.core.ApplicationFilterChain.internalDoFilter(ApplicationFilterChain.java:193)
	at org.apache.catalina.core.ApplicationFilterChain.doFilter(ApplicationFilterChain.java:166)
	at org.springframework.web.filter.CharacterEncodingFilter.doFilterInternal(CharacterEncodingFilter.java:200)
	at org.springframework.web.filter.OncePerRequestFilter.doFilter(OncePerRequestFilter.java:118)
	at org.apache.catalina.core.ApplicationFilterChain.internalDoFilter(ApplicationFilterChain.java:193)
	at org.apache.catalina.core.ApplicationFilterChain.doFilter(ApplicationFilterChain.java:166)
	at org.apache.catalina.core.StandardWrapperValve.invoke(StandardWrapperValve.java:202)
	at org.apache.catalina.core.StandardContextValve.invoke(StandardContextValve.java:96)
	at org.apache.catalina.authenticator.AuthenticatorBase.invoke(AuthenticatorBase.java:490)
	at org.apache.catalina.core.StandardHostValve.invoke(StandardHostValve.java:139)
	at org.apache.catalina.valves.ErrorReportValve.invoke(ErrorReportValve.java:92)
	at org.apache.catalina.core.StandardEngineValve.invoke(StandardEngineValve.java:74)
	at org.apache.catalina.connector.CoyoteAdapter.service(CoyoteAdapter.java:343)
	at org.apache.coyote.http11.Http11Processor.service(Http11Processor.java:408)
	at org.apache.coyote.AbstractProcessorLight.process(AbstractProcessorLight.java:66)
	at org.apache.coyote.AbstractProtocol$ConnectionHandler.process(AbstractProtocol.java:853)
	at org.apache.tomcat.util.net.NioEndpoint$SocketProcessor.doRun(NioEndpoint.java:1587)
	at org.apache.tomcat.util.net.SocketProcessorBase.run(SocketProcessorBase.java:49)
	at java.util.concurrent.ThreadPoolExecutor.runWorker(ThreadPoolExecutor.java:1142)
	at java.util.concurrent.ThreadPoolExecutor$Worker.run(ThreadPoolExecutor.java:617)
	at org.apache.tomcat.util.threads.TaskThread$WrappingRunnable.run(TaskThread.java:61)
	at java.lang.Thread.run(Thread.java:744)
2019-10-07 22:43:28,266 INFO jm.JMSystemMessageApplication [main] Starting JMSystemMessageApplication on MGD-LT-231 with PID 51188 (C:\JAVA\PROJECT\JM-SYSTEM-MESSAGE\webapp\target\classes started by Сергей in C:\JAVA\PROJECT\JM-SYSTEM-MESSAGE)
2019-10-07 22:43:28,267 DEBUG jm.JMSystemMessageApplication [main] Running with Spring Boot v2.1.7.RELEASE, Spring v5.1.9.RELEASE
2019-10-07 22:43:28,268 INFO jm.JMSystemMessageApplication [main] No active profile set, falling back to default profiles: default
2019-10-07 22:43:34,358 INFO jm.JMSystemMessageApplication [main] Started JMSystemMessageApplication in 6.38 seconds (JVM running for 6.969)
2019-10-07 22:46:01,070 INFO jm.JMSystemMessageApplication [main] Starting JMSystemMessageApplication on MGD-LT-231 with PID 54340 (C:\JAVA\PROJECT\JM-SYSTEM-MESSAGE\webapp\target\classes started by Сергей in C:\JAVA\PROJECT\JM-SYSTEM-MESSAGE)
2019-10-07 22:46:01,073 DEBUG jm.JMSystemMessageApplication [main] Running with Spring Boot v2.1.7.RELEASE, Spring v5.1.9.RELEASE
2019-10-07 22:46:01,073 INFO jm.JMSystemMessageApplication [main] No active profile set, falling back to default profiles: default
2019-10-07 22:46:07,036 INFO jm.JMSystemMessageApplication [main] Started JMSystemMessageApplication in 6.521 seconds (JVM running for 7.136)
2019-10-07 22:47:31,663 INFO jm.JMSystemMessageApplication [main] Starting JMSystemMessageApplication on MGD-LT-231 with PID 52840 (C:\JAVA\PROJECT\JM-SYSTEM-MESSAGE\webapp\target\classes started by Сергей in C:\JAVA\PROJECT\JM-SYSTEM-MESSAGE)
2019-10-07 22:47:31,666 DEBUG jm.JMSystemMessageApplication [main] Running with Spring Boot v2.1.7.RELEASE, Spring v5.1.9.RELEASE
2019-10-07 22:47:31,666 INFO jm.JMSystemMessageApplication [main] No active profile set, falling back to default profiles: default
2019-10-07 22:47:36,808 INFO jm.JMSystemMessageApplication [main] Started JMSystemMessageApplication in 5.457 seconds (JVM running for 6.029)
